Big Board Rank: Rank
Player: Prospect
Big Board Rank: 1
Player: Trevor Lawrence
Draft Status: Eligible
Big Board Rank: 2
Player: Penei Sewell
Draft Status: Eligible
Big Board Rank: 3
Player: Ja'Marr Chase
Draft Status: Eligible
Big Board Rank: 4
Player: Zach Wilson
Draft Status: Eligible
Big Board Rank: 5
Player: Kyle Pitts
Draft Status: Eligible
Big Board Rank: 6
Player: Justin Fields
Draft Status: Eligible
Big Board Rank: 7
Player: Jaylen Waddle
Draft Status: Eligible
Big Board Rank: 8
Player: Patrick Surtain II
Draft Status: Eligible
Big Board Rank: 9
Player: DeVonta Smith
Draft Status: Eligible
Big Board Rank: 10
Player: Trey Lance
Draft Status: Eligible
Big Board Rank: 11
Player: Rashawn Slater
Draft Status: Eligible
Big Board Rank: 12
Player: Jaycee Horn
Draft Status: Eligible
Big Board Rank: 13
Player: Micah Parsons
Draft Status: Eligible
Big Board Rank: 14
Player: Christian Darrisaw
Draft Status: Eligible
Big Board Rank: 15
Player: Samuel Cosmi
Draft Status: Eligible
Big Board Rank: 16
Player: Mac Jones
Draft Status: Eligible
Big Board Rank: 17
Player: Trevon Moehrig
Draft Status: Eligible
Big Board Rank: 18
Player: Jaelan Phillips
Draft Status: Eligible
Big Board Rank: 19
Player: Kwity Paye
Draft Status: Eligible
Big Board Rank: 20
Player: Rashod Bateman
Draft Status: Eligible
Big Board Rank: 21
Player: Azeez Ojulari
Draft Status: Eligible
Big Board Rank: 22
Player: Christian Barmore
Draft Status: Eligible
Big Board Rank: 23
Player: Alijah Vera-Tucker
Draft Status: Eligible
Big Board Rank: 24
Player: Asante Samuel Jr.
Draft Status: Eligible
Big Board Rank: 25
Player: Greg Newsome II
Draft Status: Eligible
Big Board Rank: 26
Player: Travis Etienne
Draft Status: Eligible
Big Board Rank: 27
Player: Jeremiah Owusu-Koramoah
Draft Status: Eligible
Big Board Rank: 28
Player: Alex Leatherwood
Draft Status: Eligible
Big Board Rank: 29
Player: Rondale Moore
Draft Status: Eligible
Big Board Rank: 30
Player: Wyatt Davis
Draft Status: Eligible
Big Board Rank: 31
Player: Caleb Farley
Draft Status: Eligible
Big Board Rank: 32
Player: Richie Grant
Draft Status: Eligible
Big Board Rank: 33
Player: Zaven Collins
Draft Status: Eligible
Big Board Rank: 34
Player: Joseph Ossai
Draft Status: Eligible
Big Board Rank: 35
Player: Terrace Marshall
Draft Status: Eligible
Big Board Rank: 36
Player: Jayson Oweh
Draft Status: Eligible
Big Board Rank: 37
Player: Jalen Mayfield
Draft Status: Eligible
Big Board Rank: 38
Player: Teven Jenkins
Draft Status: Eligible
Big Board Rank: 39
Player: Nick Bolton
Draft Status: Eligible
Big Board Rank: 40
Player: Najee Harris
Draft Status: Eligible
Big Board Rank: 41
Player: Gregory Rousseau
Draft Status: Eligible
Big Board Rank: 42
Player: Daviyon Nixon
Draft Status: Eligible
Big Board Rank: 43
Player: Trey Smith
Draft Status: Eligible
Big Board Rank: 44
Player: Kadarius Toney
Draft Status: Eligible
Big Board Rank: 45
Player: Carlos Basham Jr.
Draft Status: Eligible
Big Board Rank: 46
Player: Creed Humphrey
Draft Status: Eligible
Big Board Rank: 47
Player: Tyson Campbell
Draft Status: Eligible
Big Board Rank: 48
Player: Andre Cisco
Draft Status: Eligible
Big Board Rank: 49
Player: Jevon Holland
Draft Status: Eligible
Big Board Rank: 50
Player: Dylan Moses
Draft Status: Eligible
Big Board Rank: 51
Player: Jay Tufele
Draft Status: Eligible
Big Board Rank: 52
Player: Jabril Cox
Draft Status: Eligible
Big Board Rank: 53
Player: Javonte Williams
Draft Status: Eligible
Big Board Rank: 54
Player: Liam Eichenberg
Draft Status: Eligible
Big Board Rank: 55
Player: Pat Freiermuth
Draft Status: Eligible
Big Board Rank: 56
Player: Jaylen Twyman
Draft Status: Eligible
Big Board Rank: 57
Player: Alim McNeill
Draft Status: Eligible
Big Board Rank: 58
Player: Elijah Moore
Draft Status: Eligible
Big Board Rank: 59
Player: Tylan Wallace
Draft Status: Eligible
Big Board Rank: 60
Player: Ben Cleveland
Draft Status: Eligible
Big Board Rank: 61
Player: Tyler Shelvin
Draft Status: Eligible
Big Board Rank: 62
Player: Landon Dickerson
Draft Status: Eligible
Big Board Rank: 63
Player: Elijah Molden
Draft Status: Eligible
Big Board Rank: 64
Player: Marvin Wilson
Draft Status: Eligible
Big Board Rank: 65
Player: Hamsah Nasirildeen
Draft Status: Eligible
Big Board Rank: 66
Player: Shaun Wade
Draft Status: Eligible
Big Board Rank: 67
Player: Jackson Carman
Draft Status: Eligible
Big Board Rank: 68
Player: Joe Tryon
Draft Status: Eligible
Big Board Rank: 69
Player: Seth Williams
Draft Status: Eligible
Big Board Rank: 70
Player: Eric Stokes
Draft Status: Eligible
Big Board Rank: 71
Player: Darius Stills
Draft Status: Eligible
Big Board Rank: 72
Player: Levi Onwuzurike
Draft Status: Eligible
Big Board Rank: 73
Player: Amon-Ra St. Brown
Draft Status: Eligible
Big Board Rank: 74
Player: Cameron McGrone
Draft Status: Eligible
Big Board Rank: 75
Player: Dyami Brown
Draft Status: Eligible
Big Board Rank: 76
Player: Chazz Surratt
Draft Status: Eligible
Big Board Rank: 77
Player: Dillon Radunz
Draft Status: Eligible
Big Board Rank: 78
Player: Michael Carter
Draft Status: Eligible
Big Board Rank: 79
Player: Kellen Mond
Draft Status: Eligible
Big Board Rank: 80
Player: Baron Browning
Draft Status: Eligible
Big Board Rank: 81
Player: Ifeatu Melifonwu
Draft Status: Eligible
Big Board Rank: 82
Player: Kyle Trask
Draft Status: Eligible
Big Board Rank: 83
Player: Quinn Meinerz
Draft Status: Eligible
Big Board Rank: 84
Player: Josh Myers
Draft Status: Eligible
Big Board Rank: 85
Player: Kenneth Gainwell
Draft Status: Eligible
Big Board Rank: 86
Player: Talanoa Hufanga
Draft Status: Eligible
Big Board Rank: 87
Player: Jamin Davis
Draft Status: Eligible
Big Board Rank: 88
Player: Patrick Jones II
Draft Status: Eligible
Big Board Rank: 89
Player: D'Wayne Eskridge
Draft Status: Eligible
Big Board Rank: 90
Player: Walker Little
Draft Status: Eligible
Big Board Rank: 91
Player: Rashad Weaver
Draft Status: Eligible
Big Board Rank: 92
Player: Jaelon Darden
Draft Status: Eligible
Big Board Rank: 93
Player: Caden Sterns
Draft Status: Eligible
Big Board Rank: 94
Player: Chuba Hubbard
Draft Status: Eligible
Big Board Rank: 95
Player: Ronnie Perkins
Draft Status: Eligible
Big Board Rank: 96
Player: Spencer K. Brown
Draft Status: Eligible
Big Board Rank: 97
Player: Paulson Adebo
Draft Status: Eligible
Big Board Rank: 98
Player: Damonte Coxie
Draft Status: Eligible
Big Board Rank: 99
Player: Brevin Jordan
Draft Status: Eligible
Big Board Rank: 100
Player: Dayo Odeyingbo
Draft Status: Eligible
Big Board Rank: Rank
Player: Prospect
Big Board Rank: 101
Player: Quincy Roche
Draft Status: Eligible
Big Board Rank: 102
Player: Anthony Schwartz
Draft Status: Eligible
Big Board Rank: 103
Player: Tutu Atwell
Draft Status: Eligible
Big Board Rank: 104
Player: Hunter Long
Draft Status: Eligible
Big Board Rank: 105
Player: Bobby Brown III
Draft Status: Eligible
Big Board Rank: 106
Player: Deonte Brown
Draft Status: Eligible
Big Board Rank: 107
Player: Pete Werner
Draft Status: Eligible
Big Board Rank: 108
Player: Aaron Robinson
Draft Status: Eligible
Big Board Rank: 109
Player: Drake Jackson
Draft Status: Eligible
Big Board Rank: 110
Player: Khalil Herbert
Draft Status: Eligible
Big Board Rank: 111
Player: Kelvin Joseph
Draft Status: Eligible
Big Board Rank: 112
Player: Jamie Newman
Draft Status: Eligible
Big Board Rank: 113
Player: Paris Ford
Draft Status: Eligible
Big Board Rank: 114
Player: Israel Mukuamu
Draft Status: Eligible
Big Board Rank: 115
Player: Tommy Togiai
Draft Status: Eligible
Big Board Rank: 116
Player: Ar'Darius Washington
Draft Status: Eligible
Big Board Rank: 117
Player: Marlon Tuipulotu
Draft Status: Eligible
Big Board Rank: 118
Player: Sage Surratt
Draft Status: Eligible
Big Board Rank: 119
Player: Ihmir Smith-Marsette
Draft Status: Eligible
Big Board Rank: 120
Player: Tommy Tremble
Draft Status: Eligible
Big Board Rank: 121
Player: Divine Deablo
Draft Status: Eligible
Big Board Rank: 122
Player: Marlon Williams
Draft Status: Eligible
Big Board Rank: 123
Player: Trey Hill
Draft Status: Eligible
Big Board Rank: 124
Player: Aaron Banks
Draft Status: Eligible
Big Board Rank: 125
Player: Brady Christensen
Draft Status: Eligible
Big Board Rank: 126
Player: Charles Snowden
Draft Status: Eligible
Big Board Rank: 127
Player: Trill Williams
Draft Status: Eligible
Big Board Rank: 128
Player: Jonathan Marshall
Draft Status: Eligible
Big Board Rank: 129
Player: Marco Wilson
Draft Status: Eligible
Big Board Rank: 130
Player: Olaijah Griffin
Draft Status: Eligible
Big Board Rank: 131
Player: Hamilcar Rashed
Draft Status: Eligible
Big Board Rank: 132
Player: Shakur Brown
Draft Status: Eligible
Big Board Rank: 133
Player: Rodarius Williams
Draft Status: Eligible
Big Board Rank: 134
Player: Tariq Thompson
Draft Status: Eligible
Big Board Rank: 135
Player: James Hudson
Draft Status: Eligible
Big Board Rank: 136
Player: Nico Collins
Draft Status: Eligible
Big Board Rank: 137
Player: Chris Rumph II
Draft Status: Eligible
Big Board Rank: 138
Player: Keith Taylor
Draft Status: Eligible
Big Board Rank: 139
Player: Tedarrell Slaton
Draft Status: Eligible
Big Board Rank: 140
Player: Cameron Sample
Draft Status: Eligible
Big Board Rank: 141
Player: K.J. Britt
Draft Status: Eligible
Big Board Rank: 142
Player: Monty Rice
Draft Status: Eligible
Big Board Rank: 143
Player: Trey Sermon
Draft Status: Eligible
Big Board Rank: 144
Player: Demetric Felton
Draft Status: Eligible
Big Board Rank: 145
Player: Ta'Quon Graham
Draft Status: Eligible
Big Board Rank: 146
Player: JaCoby Stevens
Draft Status: Eligible
Big Board Rank: 147
Player: Sadarius Hutcherson
Draft Status: Eligible
Big Board Rank: 148
Player: Jamien Sherwood
Draft Status: Eligible
Big Board Rank: 149
Player: Milton Williams
Draft Status: Eligible
Big Board Rank: 150
Player: Tony Poljan
Draft Status: Eligible
Big Board Rank: 151
Player: Rhamondre Stevenson
Draft Status: Eligible
Big Board Rank: 152
Player: Darren Hall
Draft Status: Eligible
Big Board Rank: 153
Player: Josh Imatorbhebhe
Draft Status: Eligible
Big Board Rank: 154
Player: Tommy Doyle
Draft Status: Eligible
Big Board Rank: 155
Player: Shaka Toney
Draft Status: Eligible
Big Board Rank: 156
Player: Jordan Smith
Draft Status: Eligible
Big Board Rank: 157
Player: Jack Anderson
Draft Status: Eligible
Big Board Rank: 158
Player: Robert Hainsey
Draft Status: Eligible
Big Board Rank: 159
Player: Damon Hazelton
Draft Status: Eligible
Big Board Rank: 160
Player: Adrian Ealy
Draft Status: Eligible
Big Board Rank: 161
Player: Kylin Hill
Draft Status: Eligible
Big Board Rank: 162
Player: Daelin Hayes
Draft Status: Eligible
Big Board Rank: 163
Player: Amari Rodgers
Draft Status: Eligible
Big Board Rank: 164
Player: Malik Herring
Draft Status: Eligible
Big Board Rank: 165
Player: Alaric Jackson
Draft Status: Eligible
Big Board Rank: 166
Player: Jimmy Morrissey
Draft Status: Eligible
Big Board Rank: 167
Player: Dazz Newsome
Draft Status: Eligible
Big Board Rank: 168
Player: Paddy Fisher
Draft Status: Eligible
Big Board Rank: 169
Player: Richard LeCounte III
Draft Status: Eligible
Big Board Rank: 170
Player: Sam Ehlinger
Draft Status: Eligible
Big Board Rank: 171
Player: Thomas Graham Jr.
Draft Status: Eligible
Big Board Rank: 172
Player: Max Duffy
Draft Status: Eligible
Big Board Rank: 173
Player: Donovan Stiner
Draft Status: Eligible
Big Board Rank: 174
Player: Jaret Patterson
Draft Status: Eligible
Big Board Rank: 175
Player: Wyatt Hubert
Draft Status: Eligible
Big Board Rank: 176
Player: Tommy Kraemer
Draft Status: Eligible
Big Board Rank: 177
Player: D.J. Daniel
Draft Status: Eligible
Big Board Rank: 178
Player: Camryn Bynum
Draft Status: Eligible
Big Board Rank: 179
Player: Jose Borregales
Draft Status: Eligible
Big Board Rank: 180
Player: Shane Buechele
Draft Status: Eligible
Big Board Rank: 181
Player: Joshua Kaindoh
Draft Status: Eligible
Big Board Rank: 182
Player: Elijah Mitchell
Draft Status: Eligible
Big Board Rank: 183
Player: Xavier Kelly
Draft Status: Eligible
Big Board Rank: 184
Player: Larry Borom
Draft Status: Eligible
Big Board Rank: 185
Player: Javian Hawkins
Draft Status: Eligible
Big Board Rank: 186
Player: Damar Hamlin
Draft Status: Eligible
Big Board Rank: 187
Player: Victor Dimukeje
Draft Status: Eligible
Big Board Rank: 188
Player: Robert Rochell
Draft Status: Eligible
Big Board Rank: 189
Player: Kary Vincent Jr.
Draft Status: Eligible
Big Board Rank: 190
Player: Pressley Harvin III
Draft Status: Eligible
Big Board Rank: 191
Player: Noah Gray
Draft Status: Eligible
Big Board Rank: 192
Player: Shemar Jean-Charles
Draft Status: Eligible
Big Board Rank: 193
Player: Tre' McKitty
Draft Status: Eligible
Big Board Rank: 194
Player: T.J. Vasher
Draft Status: Eligible
Big Board Rank: 195
Player: Riley Patterson
Draft Status: Eligible
Big Board Rank: 196
Player: Benjamin St-Juste
Draft Status: Eligible
Big Board Rank: 197
Player: Michal Menet
Draft Status: Eligible
Big Board Rank: 198
Player: Malcolm Koonce
Draft Status: Eligible
Big Board Rank: 199
Player: Khyiris Tonga
Draft Status: Eligible
Big Board Rank: 200
Player: Jonathon Cooper
Draft Status: Eligible
Big Board Rank: Rank
Player: Prospect
Big Board Rank: 201
Player: Tamorrion Terry
Draft Status: Eligible
Big Board Rank: 202
Player: Amen Ogbongbemiga
Draft Status: Eligible
Big Board Rank: 203
Player: Brady White
Draft Status: Eligible
Big Board Rank: 204
Player: Tyree Gillespie
Draft Status: Eligible
Big Board Rank: 205
Player: Dicaprio Bootle
Draft Status: Eligible
Big Board Rank: 206
Player: Matt Bushman
Draft Status: Eligible
Big Board Rank: 207
Player: Ben Mason
Draft Status: Eligible
Big Board Rank: 208
Player: John Bates
Draft Status: Eligible
Big Board Rank: 209
Player: Ambry Thomas
Draft Status: Eligible
Big Board Rank: 210
Player: Marquez Stevenson
Draft Status: Eligible
Big Board Rank: 211
Player: Quintin Morris
Draft Status: Eligible
Big Board Rank: 212
Player: D'Ante Smith
Draft Status: Eligible
Big Board Rank: 213
Player: Tay Gowan
Draft Status: Eligible
Big Board Rank: 214
Player: Chauncey Golston
Draft Status: Eligible
Big Board Rank: 215
Player: Davis Mills
Draft Status: Eligible
Big Board Rank: 216
Player: Osa Odighizuwa
Draft Status: Eligible
Big Board Rank: 217
Player: Deommodore Lenoir
Draft Status: Eligible
Big Board Rank: 218
Player: Mustafa Johnson
Draft Status: Eligible
Big Board Rank: 219
Player: Dan Moore Jr.
Draft Status: Eligible
Big Board Rank: 220
Player: Isaiahh Loudermilk
Draft Status: Eligible
Big Board Rank: 221
Player: Kenny Yeboah
Draft Status: Eligible
Big Board Rank: 222
Player: Dez Fitzpatrick
Draft Status: Eligible
Big Board Rank: 223
Player: Tyson Dyer
Draft Status: Eligible
Big Board Rank: 224
Player: Carlo Kemp
Draft Status: Eligible
Big Board Rank: 225
Player: Naquan Jones
Draft Status: Eligible
Big Board Rank: 226
Player: Rachad Wildgoose
Draft Status: Eligible
Big Board Rank: 227
Player: Jermar Jefferson
Draft Status: Eligible
Big Board Rank: 228
Player: Chris Wilcox
Draft Status: Eligible
Big Board Rank: 229
Player: Tony Fields II
Draft Status: Eligible
Big Board Rank: 230
Player: Max Richardson
Draft Status: Eligible
Big Board Rank: 231
Player: Landon Young
Draft Status: Eligible
Big Board Rank: 232
Player: Pooka Williams
Draft Status: Eligible
Big Board Rank: 233
Player: James Wiggins
Draft Status: Eligible
Big Board Rank: 234
Player: Alex Kessman
Draft Status: Eligible
Big Board Rank: 235
Player: Shi Smith
Draft Status: Eligible
Big Board Rank: 236
Player: Brennan Eagles
Draft Status: Eligible
Big Board Rank: 237
Player: Trevon Grimes
Draft Status: Eligible
Big Board Rank: 238
Player: Austin Watkins
Draft Status: Eligible
Big Board Rank: 239
Player: Cole Van Lanen
Draft Status: Eligible
Big Board Rank: 240
Player: Brenden Knox
Draft Status: Eligible
Big Board Rank: 241
Player: Jamar Johnson
Draft Status: Eligible
Big Board Rank: 242
Player: Ryan McCollum
Draft Status: Eligible
Big Board Rank: 243
Player: Grant Stuard
Draft Status: Eligible
Big Board Rank: 244
Player: Evan McPherson
Draft Status: Eligible
Big Board Rank: 245
Player: Cary Angeline
Draft Status: Eligible
Big Board Rank: 246
Player: Osirus Mitchell
Draft Status: Eligible
Big Board Rank: 247
Player: Cornell Powell
Draft Status: Eligible
Big Board Rank: 248
Player: Tyler Coyle
Draft Status: Eligible
Big Board Rank: 249
Player: Anthony Hines
Draft Status: Eligible
Big Board Rank: 250
Player: Elijah Ponder
Draft Status: Eligible
Big Board Rank: 251
Player: Stone Forsythe
Draft Status: Eligible
Big Board Rank: 252
Player: Larry Rountree III
Draft Status: Eligible
Big Board Rank: 253
Player: Kylen Granson
Draft Status: Eligible
Big Board Rank: 254
Player: Pro Wells
Draft Status: Eligible
Big Board Rank: 255
Player: Garret Wallow
Draft Status: Eligible
Big Board Rank: 256
Player: Mark Webb
Draft Status: Eligible
Big Board Rank: 257
Player: Tyler Vaughns
Draft Status: Eligible
Big Board Rank: 258
Player: Frank Darby
Draft Status: Eligible
Big Board Rank: 259
Player: Oscar Bradburn
Draft Status: Eligible
Big Board Rank: 260
Player: Nick McCloud
Draft Status: Eligible
Big Board Rank: 261
Player: Nick Eubanks
Draft Status: Eligible
Big Board Rank: 262
Player: Tory Carter
Draft Status: Eligible
Big Board Rank: 263
Player: Spencer Brown
Draft Status: Eligible
Big Board Rank: 264
Player: O'Bryan Goodson
Draft Status: Eligible
Big Board Rank: 265
Player: Patrick Johnson
Draft Status: Eligible
Big Board Rank: 266
Player: Kayode Awosika
Draft Status: Eligible
Big Board Rank: 267
Player: Chris Brown
Draft Status: Eligible
Big Board Rank: 268
Player: LaRon Stokes
Draft Status: Eligible
Big Board Rank: 269
Player: K.J. Costello
Draft Status: Eligible
Big Board Rank: 270
Player: David Moore
Draft Status: Eligible
Big Board Rank: 271
Player: Calvin Ashley
Draft Status: Eligible
Big Board Rank: 272
Player: Isaiah Dunn
Draft Status: Eligible
Big Board Rank: 273
Player: Drew Dalman
Draft Status: Eligible
Big Board Rank: 274
Player: Kendrick Green
Draft Status: Eligible
Big Board Rank: 275
Player: Carson Green
Draft Status: Eligible
Big Board Rank: 276
Player: Brandon Stephens
Draft Status: Eligible
Big Board Rank: 277
Player: Darrick Forrest
Draft Status: Eligible
Big Board Rank: 278
Player: Gary Brightwell
Draft Status: Eligible
Big Board Rank: 279
Player: Jordon Scott
Draft Status: Eligible
Big Board Rank: 280
Player: Rico Bussey Jr.
Draft Status: Eligible
Big Board Rank: 281
Player: Torrance Marable
Draft Status: Eligible
Big Board Rank: 282
Player: Keith Duncan
Draft Status: Eligible
Big Board Rank: 283
Player: Mark Gilbert
Draft Status: Eligible
Big Board Rank: 284
Player: Jalen Camp
Draft Status: Eligible
Big Board Rank: 285
Player: Elerson Smith
Draft Status: Eligible
Big Board Rank: 286
Player: Brady Breeze
Draft Status: Eligible
Big Board Rank: 287
Player: Erroll Thompson
Draft Status: Eligible
Big Board Rank: 288
Player: Earnest Brown IV
Draft Status: Eligible
Big Board Rank: 289
Player: Adetokunbo Ogundeji
Draft Status: Eligible
Big Board Rank: 290
Player: Will Fries
Draft Status: Eligible
Big Board Rank: 291
Player: Zach Davidson
Draft Status: Eligible
Big Board Rank: 292
Player: William Bradley-King
Draft Status: Eligible
Big Board Rank: 293
Player: Stevie Scott
Draft Status: Eligible
Big Board Rank: 294
Player: Brenden Jaimes
Draft Status: Eligible
Big Board Rank: 295
Player: Jonathan Adams Jr.
Draft Status: Eligible
Big Board Rank: 296
Player: Simi Fehoko
Draft Status: Eligible
Big Board Rank: 297
Player: Whop Philyor
Draft Status: Eligible
Big Board Rank: 298
Player: Tarron Jackson
Draft Status: Eligible
Big Board Rank: 299
Player: Jason Pinnock
Draft Status: Eligible
Big Board Rank: 300
Player: Warren Jackson
Draft Status: Eligible
Big Board Rank: Rank
Player: Prospect
Big Board Rank: 301
Player: Marlon Character
Draft Status: Eligible
Big Board Rank: 302
Player: Dax Milne
Draft Status: Eligible
Big Board Rank: 303
Player: Feleipe Franks
Draft Status: Eligible
Big Board Rank: 304
Player: Payton Turner
Draft Status: Eligible
Big Board Rank: 305
Player: Tuf Borland
Draft Status: Eligible
Big Board Rank: 306
Player: Chris Evans
Draft Status: Eligible
Big Board Rank: 307
Player: Rakeem Boyd
Draft Status: Eligible
Big Board Rank: 308
Player: Jacob Harris
Draft Status: Eligible
Big Board Rank: 309
Player: Drue Chrisman
Draft Status: Eligible
Big Board Rank: 310
Player: Romeo McKnight
Draft Status: Eligible
Big Board Rank: 311
Player: Luke Farrell
Draft Status: Eligible
Big Board Rank: 312
Player: Greg McCrae
Draft Status: Eligible
Big Board Rank: 313
Player: Cade Johnson
Draft Status: Eligible
Big Board Rank: 314
Player: Forrest Merrill
Draft Status: Eligible
Big Board Rank: 315
Player: Blake Haubeil
Draft Status: Eligible
Big Board Rank: 316
Player: Tre Brown
Draft Status: Eligible
Big Board Rank: 317
Player: Lorenzo Neal
Draft Status: Eligible
Big Board Rank: 318
Player: Ian Book
Draft Status: Eligible
Big Board Rank: 319
Player: JaQuan Bailey
Draft Status: Eligible
Big Board Rank: 320
Player: Antjuan Simmons
Draft Status: Eligible
Big Board Rank: 321
Player: Jovan Swann
Draft Status: Eligible
Big Board Rank: 322
Player: Eli Howard
Draft Status: Eligible
Big Board Rank: 323
Player: Antonio Nunn
Draft Status: Eligible
Big Board Rank: 324
Player: Derrick Barnes
Draft Status: Eligible
Big Board Rank: 325
Player: Gerrid Doaks
Draft Status: Eligible
Big Board Rank: 326
Player: Mike Strachan
Draft Status: Eligible
Big Board Rank: 327
Player: Jake Curhan
Draft Status: Eligible
Big Board Rank: 328
Player: Isaiah McDuffie
Draft Status: Eligible
Big Board Rank: 329
Player: Jake Verity
Draft Status: Eligible
Big Board Rank: 330
Player: Syrus Tuitele
Draft Status: Eligible
Big Board Rank: 331
Player: Joshuah Bledsoe
Draft Status: Eligible
Big Board Rank: 332
Player: Asim Rose
Draft Status: Eligible
Big Board Rank: 333
Player: Briley Moore
Draft Status: Eligible
Big Board Rank: 334
Player: Austin Faoliu
Draft Status: Eligible
Big Board Rank: 335
Player: Mike Hampton
Draft Status: Eligible
Big Board Rank: 336
Player: Caleb Huntley
Draft Status: Eligible
Big Board Rank: 337
Player: E.J. Muhammad
Draft Status: Eligible
Big Board Rank: 338
Player: Racey McMath
Draft Status: Eligible
Big Board Rank: 339
Player: Shawn Davis
Draft Status: Eligible
Big Board Rank: 340
Player: Janarius Robinson
Draft Status: Eligible
Big Board Rank: 341
Player: Aashari Crosswell
Draft Status: Eligible
Big Board Rank: 342
Player: Rayshard Ashby
Draft Status: Eligible
Big Board Rank: 343
Player: Bryan Mills
Draft Status: Eligible
Big Board Rank: 344
Player: Blake Proehl
Draft Status: Eligible
Big Board Rank: 345
Player: Curtis Robinson
Draft Status: Eligible
Big Board Rank: 346
Player: Buddy Johnson
Draft Status: Eligible
Big Board Rank: 347
Player: Nate Hobbs
Draft Status: Eligible
Big Board Rank: 348
Player: Marquiss Spencer
Draft Status: Eligible
Big Board Rank: 349
Player: Kawaan Baker
Draft Status: Eligible
Big Board Rank: 350
Player: Jamar Watson
Draft Status: Eligible
Big Board Rank: 351
Player: Riley Cole
Draft Status: Eligible
Big Board Rank: 352
Player: James Smith
Draft Status: Eligible
Big Board Rank: 353
Player: Braylon Jones
Draft Status: Eligible
Big Board Rank: 354
Player: Robert Jones
Draft Status: Eligible
Big Board Rank: 355
Player: Blake Gallagher
Draft Status: Eligible
Big Board Rank: 356
Player: Tre Norwood
Draft Status: Eligible
Big Board Rank: 357
Player: Justin Hilliard
Draft Status: Eligible
Big Board Rank: 358
Player: Quinn Nordin
Draft Status: Eligible
Big Board Rank: 359
Player: Josh Palmer
Draft Status: Eligible
Big Board Rank: 360
Player: Nahshon Wright
Draft Status: Eligible
Big Board Rank: 361
Player: Shaun Beyer
Draft Status: Eligible
Big Board Rank: 362
Player: Lamont Wade
Draft Status: Eligible
Big Board Rank: 363
Player: Kyree Campbell
Draft Status: Eligible
Big Board Rank: 364
Player: Zac Thomas
Draft Status: Eligible
Big Board Rank: 365
Player: Royce Newman
Draft Status: Eligible
Big Board Rank: 366
Player: Brett Heggie
Draft Status: Eligible
Big Board Rank: 367
Player: Nolan Cooney
Draft Status: Eligible
Big Board Rank: 368
Player: Zach Von Rosenberg
Draft Status: Eligible
Big Board Rank: 369
Player: Brandon Kennedy
Draft Status: Eligible
Big Board Rank: 370
Player: Zane Zandier
Draft Status: Eligible
Big Board Rank: 371
Player: J.C. Chalk
Draft Status: Eligible
Big Board Rank: 372
Player: Jack Heflin
Draft Status: Eligible
Big Board Rank: 373
Player: Peyton Ramsey
Draft Status: Eligible
Big Board Rank: 374
Player: Ben DeLuca
Draft Status: Eligible
Big Board Rank: 375
Player: Tre Harbison
Draft Status: Eligible
Big Board Rank: 376
Player: Jordyn Peters
Draft Status: Eligible
Big Board Rank: 377
Player: Avery Williams
Draft Status: Eligible
Big Board Rank: 378
Player: Mekhi Sargent
Draft Status: Eligible
Big Board Rank: 379
Player: Isaiah McKoy
Draft Status: Eligible
Big Board Rank: 380
Player: William Sherman
Draft Status: Eligible
Big Board Rank: 381
Player: Deon Jackson
Draft Status: Eligible
Big Board Rank: 382
Player: Nick Niemann
Draft Status: Eligible
Big Board Rank: 383
Player: Ben Skowronek
Draft Status: Eligible
Big Board Rank: 384
Player: Noah Curtis
Draft Status: Eligible
Big Board Rank: 385
Player: Marcus Murphy
Draft Status: Eligible
Big Board Rank: 386
Player: Dai'Jean Dixon
Draft Status: Eligible
Big Board Rank: 387
Player: Darius Hodge
Draft Status: Eligible
Big Board Rank: 388
Player: Ernest Jones
Draft Status: Eligible
Big Board Rank: 389
Player: Christian Uphoff
Draft Status: Eligible
Big Board Rank: 390
Player: Mac McCain III
Draft Status: Eligible
Big Board Rank: 391
Player: Dorian Etheridge
Draft Status: Eligible
Big Board Rank: 392
Player: Adrian Hardy
Draft Status: Eligible
Big Board Rank: 393
Player: Oscar Draguicevich III
Draft Status: Eligible
Big Board Rank: 394
Player: Javon McKinley
Draft Status: Eligible
Big Board Rank: 395
Player: Jerry Jacobs
Draft Status: Eligible
Big Board Rank: 396
Player: Thomas Fletcher
Draft Status: Eligible
Big Board Rank: 397
Player: Jarell White
Draft Status: Eligible
Big Board Rank: 398
Player: Eli Stove
Draft Status: Eligible
Big Board Rank: 399
Player: Max Roberts
Draft Status: Eligible
Big Board Rank: 400
Player: Matt Womack
Draft Status: Eligible
Big Board Rank: Rank
Player: Prospect
Big Board Rank: 401
Player: Zayne Anderson
Draft Status: Eligible
Big Board Rank: 402
Player: B.J. Emmons
Draft Status: Eligible
Big Board Rank: 403
Player: Zeandae Johnson
Draft Status: Eligible
Big Board Rank: 404
Player: Keyion Dixon
Draft Status: Eligible
Big Board Rank: 405
Player: Kion Smith
Draft Status: Eligible
Big Board Rank: 406
Player: D'Antne Demery
Draft Status: Eligible
Big Board Rank: 407
Player: Dylan Soehner
Draft Status: Eligible
Big Board Rank: 408
Player: Brad Stewart Jr.
Draft Status: Eligible
Big Board Rank: 409
Player: Rashad Byrd
Draft Status: Eligible
Big Board Rank: 410
Player: Bryce Thompson
Draft Status: Eligible
Big Board Rank: 411
Player: Tre' Threat
Draft Status: Eligible
Big Board Rank: 412
Player: Camaron Cheeseman
Draft Status: Eligible
Big Board Rank: 413
Player: Jhamon Ausbon
Draft Status: Eligible
Big Board Rank: 414
Player: Shane McGough
Draft Status: Eligible
Big Board Rank: 415
Player: Israel Tucker
Draft Status: Eligible
Big Board Rank: 416
Player: Landon Akers
Draft Status: Eligible
Big Board Rank: 417
Player: Brontae Harris
Draft Status: Eligible
Big Board Rank: 418
Player: Donavaughn Campbell
Draft Status: Eligible
Big Board Rank: 419
Player: Jaylon McClain-Sapp
Draft Status: Eligible
Big Board Rank: 420
Player: Harry Crider
Draft Status: Eligible
Big Board Rank: 421
Player: Miller Forristall
Draft Status: Eligible
Big Board Rank: 422
Player: Sam Cooper
Draft Status: Eligible
Big Board Rank: 423
Player: Tavante Beckett
Draft Status: Eligible
Big Board Rank: 424
Player: Connor Wedington
Draft Status: Eligible
Big Board Rank: 425
Player: John Raine
Draft Status: Eligible
Big Board Rank: 426
Player: Tre Walker
Draft Status: Eligible
Big Board Rank: 427
Player: Joe Sculthorpe
Draft Status: Eligible
Big Board Rank: 428
Player: Phil Hoskins
Draft Status: Eligible
Big Board Rank: 429
Player: Jack Batho IV
Draft Status: Eligible
Big Board Rank: 430
Player: Artayvious Lynn
Draft Status: Eligible
Big Board Rank: 431
Player: Donnie Corley
Draft Status: Eligible
Big Board Rank: 432
Player: Zech McPhearson
Draft Status: Eligible
Big Board Rank: 433
Player: Khalil McClain
Draft Status: Eligible
Big Board Rank: 434
Player: Joshua McMillon
Draft Status: Eligible
Big Board Rank: 435
Player: Jaelin Fisher
Draft Status: Eligible
Big Board Rank: 436
Player: Raymond Johnson III
Draft Status: Eligible
Big Board Rank: 437
Player: Foster Sarell
Draft Status: Eligible
Big Board Rank: 438
Player: Jared Hocker
Draft Status: Eligible
Big Board Rank: 439
Player: Tyree Thompson
Draft Status: Eligible
Big Board Rank: 440
Player: Ethan Tucky
Draft Status: Eligible
Big Board Rank: 441
Player: Taaga Tuulima
Draft Status: Eligible
Big Board Rank: 442
Player: Zach Smith
Draft Status: Eligible
Big Board Rank: 443
Player: Jarrod Hewitt
Draft Status: Eligible
Big Board Rank: 444
Player: Michael Brown
Draft Status: Eligible
Big Board Rank: 445
Player: Shaun Crawford
Draft Status: Eligible
Big Board Rank: 446
Player: Tristen Hoge
Draft Status: Eligible
Big Board Rank: 447
Player: Jamal Jones
Draft Status: Eligible
Big Board Rank: 448
Player: Antwan Davis
Draft Status: Eligible
Big Board Rank: 449
Player: Otis Anderson
Draft Status: Eligible
Big Board Rank: 450
Player: Chris Garrett
Draft Status: Eligible
Big Board Rank: 451
Player: Justin Hughes
Draft Status: Eligible
Big Board Rank: 452
Player: Brock Wright
Draft Status: Eligible
Big Board Rank: 453
Player: Brandin Echols
Draft Status: Eligible
Big Board Rank: 454
Player: Joshua Fedd-Jackson
Draft Status: Eligible
Big Board Rank: 455
Player: T.J. Simmons
Draft Status: Eligible
Big Board Rank: 456
Player: Brandon Smith
Draft Status: Eligible
Big Board Rank: 457
Player: Leighton McCarthy
Draft Status: Eligible
Big Board Rank: 458
Player: Giles Amos
Draft Status: Eligible
Big Board Rank: 459
Player: Jack Stoll
Draft Status: Eligible
Big Board Rank: 460
Player: Josiah Bronson
Draft Status: Eligible
Big Board Rank: 461
Player: Chase Behrndt
Draft Status: Eligible
Big Board Rank: 462
Player: Micah Simon
Draft Status: Eligible
Big Board Rank: 463
Player: Isaiah Kaufusi
Draft Status: Eligible
Big Board Rank: 464
Player: Ry Schneider
Draft Status: Eligible
Big Board Rank: 465
Player: Mike Collins
Draft Status: Eligible
Big Board Rank: 466
Player: Trey Ragas
Draft Status: Eligible
Big Board Rank: 467
Player: Brett Kitrell
Draft Status: Eligible
Big Board Rank: 468
Player: Chandon Herring
Draft Status: Eligible
Big Board Rank: 469
Player: Calvin Bundage
Draft Status: Eligible
Big Board Rank: 470
Player: Nolan Laufenberg
Draft Status: Eligible
Big Board Rank: 471
Player: Michael Carter II
Draft Status: Eligible
Big Board Rank: 472
Player: Jaylon Moore
Draft Status: Eligible
Big Board Rank: 473
Player: Kevin Thomson
Draft Status: Eligible
Big Board Rank: 474
Player: Quinton Bohanna
Draft Status: Eligible
Big Board Rank: 475
Player: Rakavius Chambers
Draft Status: Eligible
Big Board Rank: 476
Player: Ky'el Hemby
Draft Status: Eligible
Big Board Rank: 477
Player: Josh Ball
Draft Status: Eligible
Big Board Rank: 478
Player: Brian Robinson Jr.
Draft Status: Eligible
Big Board Rank: 479
Player: Sawyer Smith
Draft Status: Eligible
Big Board Rank: 480
Player: Brady Davis
Draft Status: Eligible
Big Board Rank: 481
Player: Milo Eifler
Draft Status: Eligible
Big Board Rank: 482
Player: Richard McBryde
Draft Status: Eligible
Big Board Rank: 483
Player: Seth Joest
Draft Status: Eligible
Big Board Rank: 484
Player: Shaq Smith
Draft Status: Eligible
Big Board Rank: 485
Player: Thomas MacVittie
Draft Status: Eligible
Big Board Rank: 486
Player: Brendon White
Draft Status: Eligible
Big Board Rank: 487
Player: Nick Pickett
Draft Status: Eligible
Big Board Rank: 488
Player: David Curry
Draft Status: Eligible
Big Board Rank: 489
Player: Jon Dietzen
Draft Status: Eligible
Big Board Rank: 490
Player: Scooter Harrington
Draft Status: Eligible
Big Board Rank: 491
Player: Hunter Kampmoyer
Draft Status: Eligible
Big Board Rank: 492
Player: Bryce Foxworth
Draft Status: Eligible
Big Board Rank: 493
Player: Daniel Crawford
Draft Status: Eligible
Big Board Rank: 494
Player: Noah Hannon
Draft Status: Eligible
Big Board Rank: 495
Player: Anthony Butler
Draft Status: Eligible
Big Board Rank: 496
Player: Bryce Petersen
Draft Status: Eligible
Big Board Rank: 497
Player: Elijah Sullivan
Draft Status: Eligible
Big Board Rank: 498
Player: Erik Krommenhoek
Draft Status: Eligible
Big Board Rank: 499
Player: Kato Nelson
Draft Status: Eligible
Big Board Rank: 500
Player: Logan Harris
Draft Status: Eligible
