Checking for mismatches in top of the first round.....
No mismatches in top of the first round.....
Checking for mismatches in second round.....
No mismatches in second round.....
Checking for mismatches in second half of the first round.....
No mismatches in second half of the first round.....
Checking for mismatches in third round.....
No mismatches in third round.....
Checking for mismatches in fourth/fifth round.....
No mismatches in fourth/fifth round.....
Checking for mismatches in invalid URL.....
No mismatches in invalid URL.....
Checking for mismatches in sixth/seventh round.....
No mismatches in sixth/seventh round.....
Checking for mismatches in top of the first round.....
No mismatches in top of the first round.....
Checking for mismatches in second round.....
No mismatches in second round.....
Checking for mismatches in second half of the first round.....
No mismatches in second half of the first round.....
Checking for mismatches in third round.....
No mismatches in third round.....
Checking for mismatches in fourth/fifth round.....
No mismatches in fourth/fifth round.....
Checking for mismatches in invalid URL.....
No mismatches in invalid URL.....
Checking for mismatches in sixth/seventh round.....
No mismatches in sixth/seventh round.....
Checking for mismatches in top of the first round.....
No mismatches in top of the first round.....
Checking for mismatches in second half of the first round.....
No mismatches in second half of the first round.....
Checking for mismatches in second round.....
No mismatches in second round.....
Checking for mismatches in third round.....
No mismatches in third round.....
Checking for mismatches in third round.....
No mismatches in third round.....
Checking for mismatches in fourth/fifth round.....
No mismatches in fourth/fifth round.....
Checking for mismatches in fourth/fifth round.....
No mismatches in fourth/fifth round.....
Checking for mismatches in sixth/seventh round.....
No mismatches in sixth/seventh round.....
Checking for mismatches in sixth/seventh round.....
No mismatches in sixth/seventh round.....
Checking for mismatches in sixth/seventh round.....
No mismatches in sixth/seventh round.....
Checking for mismatches in sixth/seventh round.....
No mismatches in sixth/seventh round.....
Checking for mismatches in top of the first round.....
No mismatches in top of the first round.....
Checking for mismatches in second half of the first round.....
No mismatches in second half of the first round.....
Checking for mismatches in second round.....
No mismatches in second round.....
Checking for mismatches in third round.....
No mismatches in third round.....
Checking for mismatches in third round.....
No mismatches in third round.....
Checking for mismatches in fourth/fifth round.....
No mismatches in fourth/fifth round.....
Checking for mismatches in fourth/fifth round.....
No mismatches in fourth/fifth round.....
Checking for mismatches in sixth/seventh round.....
No mismatches in sixth/seventh round.....
Checking for mismatches in sixth/seventh round.....
No mismatches in sixth/seventh round.....
Checking for mismatches in sixth/seventh round.....
No mismatches in sixth/seventh round.....
Checking for mismatches in sixth/seventh round.....
No mismatches in sixth/seventh round.....
Checking for mismatches in top of the first round.....
No mismatches in top of the first round.....
Checking for mismatches in second half of the first round.....
No mismatches in second half of the first round.....
Checking for mismatches in second round.....
No mismatches in second round.....
Checking for mismatches in sixth/seventh round.....
No mismatches in sixth/seventh round.....
Checking for mismatches in third round.....
No mismatches in third round.....
Checking for mismatches in sixth/seventh round.....
No mismatches in sixth/seventh round.....
Checking for mismatches in fourth/fifth round.....
No mismatches in fourth/fifth round.....
Checking for mismatches in sixth/seventh round.....
No mismatches in sixth/seventh round.....
Checking for mismatches in sixth/seventh round.....
No mismatches in sixth/seventh round.....
Checking for mismatches in sixth/seventh round.....
No mismatches in sixth/seventh round.....
Checking for mismatches in sixth/seventh round.....
No mismatches in sixth/seventh round.....
Checking for mismatches in top of the first round.....
No mismatches in top of the first round.....
Checking for mismatches in second half of the first round.....
No mismatches in second half of the first round.....
Checking for mismatches in second round.....
No mismatches in second round.....
Checking for mismatches in third round.....
No mismatches in third round.....
Checking for mismatches in third round.....
No mismatches in third round.....
Checking for mismatches in fourth/fifth round.....
No mismatches in fourth/fifth round.....
Checking for mismatches in fourth/fifth round.....
No mismatches in fourth/fifth round.....
Checking for mismatches in sixth/seventh round.....
No mismatches in sixth/seventh round.....
Checking for mismatches in sixth/seventh round.....
No mismatches in sixth/seventh round.....
Checking for mismatches in sixth/seventh round.....
No mismatches in sixth/seventh round.....
Checking for mismatches in sixth/seventh round.....
No mismatches in sixth/seventh round.....
Checking for mismatches in sixth/seventh round.....
No mismatches in sixth/seventh round.....
Checking for mismatches in mocks/2020-09-23-mock.csv.....
No mismatches in mocks/2020-09-23-mock.csv.....
Checking for mismatches in top of the first round.....
No mismatches in top of the first round.....
Checking for mismatches in second half of the first round.....
No mismatches in second half of the first round.....
Checking for mismatches in second round.....
No mismatches in second round.....
Checking for mismatches in third round.....
No mismatches in third round.....
Checking for mismatches in third round.....
No mismatches in third round.....
Checking for mismatches in fourth/fifth round.....
No mismatches in fourth/fifth round.....
Checking for mismatches in fourth/fifth round.....
No mismatches in fourth/fifth round.....
Checking for mismatches in sixth/seventh round.....
No mismatches in sixth/seventh round.....
Checking for mismatches in sixth/seventh round.....
No mismatches in sixth/seventh round.....
Checking for mismatches in sixth/seventh round.....
No mismatches in sixth/seventh round.....
Checking for mismatches in sixth/seventh round.....
No mismatches in sixth/seventh round.....
Checking for mismatches in sixth/seventh round.....
No mismatches in sixth/seventh round.....
Checking for mismatches in mocks/2020-09-23-mock.csv.....
No mismatches in mocks/2020-09-23-mock.csv.....
