Prospect count on page 1: 100
Prospect count on page 2: 100
Prospect count on page 3: 100
Prospect count on page 4: 100
Prospect count on page 5: 100
Checking for mismatches in ranks/2021-04-19-ranks.csv.....
No mismatches in ranks/2021-04-19-ranks.csv.....
Checking for mismatches in ranks/combinedRanks2021.csv.....
No mismatches in ranks/combinedRanks2021.csv.....
Creating the big CSV.....
Creating the big CSV completed.
Checking for mismatches in top of the first round...
No mismatches in top of the first round.....
Checking for mismatches in second half of the first round...
No mismatches in second half of the first round.....
Checking for mismatches in second round...
No mismatches in second round.....
Checking for mismatches in third round...
No mismatches in third round.....
Checking for mismatches in fourth/fifth round...
No mismatches in fourth/fifth round.....
Checking for mismatches in sixth/seventh round...
No mismatches in sixth/seventh round.....
Checking for mismatches in mocks/2021-04-21-mock.csv.....
No mismatches in mocks/2021-04-21-mock.csv...
